<component name="libraryTable">
  <library name="junit_4">
    <CLASSES>
      <root url="jar://$PROJECT_DIR$/lib/junit_4/junit-4.12-javadoc.jar!/" />
      <root url="jar://$PROJECT_DIR$/lib/junit_4/junit-4.12.jar!/" />
      <root url="jar://$PROJECT_DIR$/lib/junit_4/junit-4.12-sources.jar!/" />
    </CLASSES>
    <JAVADOC />
    <SOURCES />
  </library>
</component>